#
# There is insufficient memory for the Java Runtime Environment to continue.
# Native memory allocation (mmap) failed to map 257949696 bytes for Failed to commit area from 0x000000070a000000 to 0x0000000719600000 of length 257949696.
# Possible reasons:
#   The system is out of physical RAM or swap space
#   The process is running with CompressedOops enabled, and the Java Heap may be blocking the growth of the native heap
# Possible solutions:
#   Reduce memory load on the system
#   Increase physical memory or swap space
#   Check if swap backing store is full
#   Decrease Java heap size (-Xmx/-Xms)
#   Decrease number of Java threads
#   Decrease Java thread stack sizes (-Xss)
#   Set larger code cache with -XX:ReservedCodeCacheSize=
# This output file may be truncated or incomplete.
#
#  Out of Memory Error (./src/hotspot/os/windows/os_windows.cpp:3386), pid=16788, tid=17068
#
# JRE version:  (11.0.18+10) (build )
# Java VM: OpenJDK 64-Bit Server VM (11.0.18+10-LTS, mixed mode, sharing, tiered, compressed oops, g1 gc, windows-amd64)
# No core dump will be written. Minidumps are not enabled by default on client versions of Windows
#

---------------  S U M M A R Y ------------

Command Line: org.jetbrains.kotlin.cli.jvm.K2JVMCompiler @C:\Users\Aluno\Documents\GitHub\Stein1\Stein\SteinProject\node_modules\react-native-gesture-handler\android\build\20231026_13977747376108164920.compiler.options

Host: AMD Ryzen 5 PRO 4650G with Radeon Graphics, 12 cores, 15G,  Windows 11 , 64 bit Build 22621 (10.0.22621.2428)
Time: Thu Oct 26 10:53:08 2023 Hora oficial do Brasil elapsed time: 0.126897 seconds (0d 0h 0m 0s)

---------------  T H R E A D  ---------------

Current thread (0x00000298f58c5000):  JavaThread "Unknown thread" [_thread_in_vm, id=17068, stack(0x000000f38c800000,0x000000f38c900000)]

Stack: [0x000000f38c800000,0x000000f38c900000]
Native frames: (J=compiled Java code, j=interpreted, Vv=VM code, C=native code)
V  [jvm.dll+0x62bf8a]
V  [jvm.dll+0x7b8fb9]
V  [jvm.dll+0x7ba6a8]
V  [jvm.dll+0x7bad83]
V  [jvm.dll+0x250248]
V  [jvm.dll+0x62929a]
V  [jvm.dll+0x61d855]
V  [jvm.dll+0x30c32c]
V  [jvm.dll+0x30c1b2]
V  [jvm.dll+0x310ec6]
V  [jvm.dll+0x356f0f]
V  [jvm.dll+0x356940]
V  [jvm.dll+0x2e9348]
V  [jvm.dll+0x2ea4a6]
V  [jvm.dll+0x792e07]
V  [jvm.dll+0x79458f]
V  [jvm.dll+0x363c69]
V  [jvm.dll+0x775d70]
V  [jvm.dll+0x3d297f]
V  [jvm.dll+0x3d4d11]
C  [jli.dll+0x5207]
C  [ucrtbase.dll+0x29363]
C  [KERNEL32.DLL+0x1257d]
C  [ntdll.dll+0x5aa78]


---------------  P R O C E S S  ---------------

Threads class SMR info:
_java_thread_list=0x00000298f36743b0, length=0, elements={
}

Java Threads: ( => current thread )

Other Threads:
  0x00000298f374d000 GCTaskThread "GC Thread#0" [stack: 0x000000f38c900000,0x000000f38ca00000] [id=17132]
  0x00000298f5934000 ConcurrentGCThread "G1 Main Marker" [stack: 0x000000f38ca00000,0x000000f38cb00000] [id=17144]
  0x00000298f5935800 ConcurrentGCThread "G1 Conc#0" [stack: 0x000000f38cb00000,0x000000f38cc00000] [id=17140]

[error occurred during error reporting (printing all threads), id 0xc0000005, EXCEPTION_ACCESS_VIOLATION (0xc0000005) at pc=0x00007ffa1eae8b17]

VM state:not at safepoint (not fully initialized)

VM Mutex/Monitor currently owned by a thread:  ([mutex/lock_event])
[0x00000298f58c1b20] Heap_lock - owner thread: 0x00000298f58c5000

Heap address: 0x000000070a000000, size: 3936 MB, Compressed Oops mode: Non-zero based: 0x000000070a000000
Narrow klass base: 0x0000000000000000, Narrow klass shift: 0

GC Heap History (0 events):
No events

Deoptimization events (0 events):
No events

Classes redefined (0 events):
No events

Internal exceptions (0 events):
No events

Events (1 events):
Event: 0.056 Loaded shared library C:\Program Files\Microsoft\jdk-11.0.18.10-hotspot\bin\zip.dll


Dynamic libraries:
0x00007ff673a30000 - 0x00007ff673a3d000 	C:\Program Files\Microsoft\jdk-11.0.18.10-hotspot\bin\java.exe
0x00007ffa99f30000 - 0x00007ffa9a147000 	C:\WINDOWS\SYSTEM32\ntdll.dll
0x00007ffa98300000 - 0x00007ffa983c4000 	C:\WINDOWS\System32\KERNEL32.DLL
0x00007ffa97430000 - 0x00007ffa977d6000 	C:\WINDOWS\System32\KERNELBASE.dll
0x00007ffa97a20000 - 0x00007ffa97b31000 	C:\WINDOWS\System32\ucrtbase.dll
0x00007ffa6f360000 - 0x00007ffa6f375000 	C:\Program Files\Microsoft\jdk-11.0.18.10-hotspot\bin\VCRUNTIME140.dll
0x00007ffa65410000 - 0x00007ffa65427000 	C:\Program Files\Microsoft\jdk-11.0.18.10-hotspot\bin\jli.dll
0x00007ffa99af0000 - 0x00007ffa99c9d000 	C:\WINDOWS\System32\USER32.dll
0x00007ffa84540000 - 0x00007ffa847d3000 	C:\WINDOWS\WinSxS\amd64_microsoft.windows.common-controls_6595b64144ccf1df_6.0.22621.2361_none_2712ced57382f843\COMCTL32.dll
0x00007ffa977e0000 - 0x00007ffa97806000 	C:\WINDOWS\System32\win32u.dll
0x00007ffa993e0000 - 0x00007ffa99487000 	C:\WINDOWS\System32\msvcrt.dll
0x00007ffa97e60000 - 0x00007ffa97e89000 	C:\WINDOWS\System32\GDI32.dll
0x00007ffa97b40000 - 0x00007ffa97c58000 	C:\WINDOWS\System32\gdi32full.dll
0x00007ffa97810000 - 0x00007ffa978aa000 	C:\WINDOWS\System32\msvcp_win.dll
0x00007ffa99490000 - 0x00007ffa994c1000 	C:\WINDOWS\System32\IMM32.DLL
0x00007ffa32d00000 - 0x00007ffa32d9b000 	C:\Program Files\Microsoft\jdk-11.0.18.10-hotspot\bin\msvcp140.dll
0x00007ffa1e7f0000 - 0x00007ffa1f382000 	C:\Program Files\Microsoft\jdk-11.0.18.10-hotspot\bin\server\jvm.dll
0x00007ffa980e0000 - 0x00007ffa98190000 	C:\WINDOWS\System32\ADVAPI32.dll
0x00007ffa98860000 - 0x00007ffa98906000 	C:\WINDOWS\System32\sechost.dll
0x00007ffa99da0000 - 0x00007ffa99eb7000 	C:\WINDOWS\System32\RPCRT4.dll
0x00007ffa97e90000 - 0x00007ffa97e98000 	C:\WINDOWS\System32\PSAPI.DLL
0x00007ffa8d970000 - 0x00007ffa8d9a4000 	C:\WINDOWS\SYSTEM32\WINMM.dll
0x00007ffa71d80000 - 0x00007ffa71d89000 	C:\WINDOWS\SYSTEM32\WSOCK32.dll
0x00007ffa994d0000 - 0x00007ffa99541000 	C:\WINDOWS\System32\WS2_32.dll
0x00007ffa8d9d0000 - 0x00007ffa8d9da000 	C:\WINDOWS\SYSTEM32\VERSION.dll
0x00007ffa96220000 - 0x00007ffa96238000 	C:\WINDOWS\SYSTEM32\kernel.appcore.dll
0x00007ffa6ff00000 - 0x00007ffa6ff10000 	C:\Program Files\Microsoft\jdk-11.0.18.10-hotspot\bin\verify.dll
0x00007ffa8a6c0000 - 0x00007ffa8a8ee000 	C:\WINDOWS\SYSTEM32\DBGHELP.DLL
0x00007ffa99600000 - 0x00007ffa9998a000 	C:\WINDOWS\System32\combase.dll
0x00007ffa98220000 - 0x00007ffa982f7000 	C:\WINDOWS\System32\OLEAUT32.dll
0x00007ffa8be00000 - 0x00007ffa8be32000 	C:\WINDOWS\SYSTEM32\dbgcore.DLL
0x00007ffa973b0000 - 0x00007ffa9742a000 	C:\WINDOWS\System32\bcryptPrimitives.dll
0x00007ffa5e380000 - 0x00007ffa5e3a8000 	C:\Program Files\Microsoft\jdk-11.0.18.10-hotspot\bin\java.dll
0x00007ffa67080000 - 0x00007ffa6708a000 	C:\Program Files\Microsoft\jdk-11.0.18.10-hotspot\bin\jimage.dll
0x00007ffa61c40000 - 0x00007ffa61c58000 	C:\Program Files\Microsoft\jdk-11.0.18.10-hotspot\bin\zip.dll

dbghelp: loaded successfully - version: 4.0.5 - missing functions: none
symbol engine: initialized successfully - sym options: 0x614 - pdb path: .;C:\Program Files\Microsoft\jdk-11.0.18.10-hotspot\bin;C:\WINDOWS\SYSTEM32;C:\WINDOWS\WinSxS\amd64_microsoft.windows.common-controls_6595b64144ccf1df_6.0.22621.2361_none_2712ced57382f843;C:\Program Files\Microsoft\jdk-11.0.18.10-hotspot\bin\server

VM Arguments:
java_command: org.jetbrains.kotlin.cli.jvm.K2JVMCompiler @C:\Users\Aluno\Documents\GitHub\Stein1\Stein\SteinProject\node_modules\react-native-gesture-handler\android\build\20231026_13977747376108164920.compiler.options
java_class_path (initial): C:\Users\Aluno\.gradle\caches\modules-2\files-2.1\org.jetbrains.kotlin\kotlin-compiler-embeddable\1.6.21\97bdd5a752ce73b58ef16c17bc7f0ea2faff7a2e\kotlin-compiler-embeddable-1.6.21.jar;C:\Users\Aluno\.gradle\caches\modules-2\files-2.1\org.jetbrains.kotlin\kotlin-reflect\1.6.21\5dc3574d9b7bebfcb4ec6b10ada4aaa9e140bd0b\kotlin-reflect-1.6.21.jar;C:\Users\Aluno\.gradle\caches\modules-2\files-2.1\org.jetbrains.kotlin\kotlin-stdlib\1.6.21\11ef67f1900634fd951bad28c53ec957fabbe5b8\kotlin-stdlib-1.6.21.jar;C:\Users\Aluno\.gradle\caches\modules-2\files-2.1\org.jetbrains.kotlin\kotlin-script-runtime\1.6.21\99c6675100da5d6d5b1c5a1032f27f28008d101b\kotlin-script-runtime-1.6.21.jar;C:\Users\Aluno\.gradle\caches\modules-2\files-2.1\org.jetbrains.kotlin\kotlin-daemon-embeddable\1.6.21\46b78cf392e1c4f10854c3cadba44abb7b82250f\kotlin-daemon-embeddable-1.6.21.jar;C:\Users\Aluno\.gradle\caches\modules-2\files-2.1\org.jetbrains.intellij.deps\trove4j\1.0.20200330\3afb14d5f9ceb459d724e907a21145e8ff394f02\trove4j-1.0.20200330.jar;C:\Users\Aluno\.gradle\caches\modules-2\files-2.1\net.java.dev.jna\jna\5.6.0\330f2244e9030119ab3030fc3fededc86713d9cc\jna-5.6.0.jar;C:\Users\Aluno\.gradle\caches\modules-2\files-2.1\org.jetbrains.kotlin\kotlin-stdlib-common\1.6.21\5e5b55c26dbc80372a920aef60eb774b714559b8\kotlin-stdlib-common-1.6.21.jar;C:\Users\Aluno\.gradle\caches\modules-2\files-2.1\org.jetbrains\annotations\13.0\919f0dfe192fb4e063e7dacadee7f8bb9a2672a9\annotations-13.0.jar
Launcher Type: SUN_STANDARD

[Global flags]
     intx CICompilerCount                          = 4                                         {product} {ergonomic}
     uint ConcGCThreads                            = 3                                         {product} {ergonomic}
     uint G1ConcRefinementThreads                  = 10                                        {product} {ergonomic}
   size_t G1HeapRegionSize                         = 1048576                                   {product} {ergonomic}
    uintx GCDrainStackTargetSize                   = 64                                        {product} {ergonomic}
   size_t InitialHeapSize                          = 257949696                                 {product} {ergonomic}
   size_t MarkStackSize                            = 4194304                                   {product} {ergonomic}
   size_t MaxHeapSize                              = 4127195136                                {product} {ergonomic}
   size_t MinHeapDeltaBytes                        = 1048576                                   {product} {ergonomic}
    uintx NonNMethodCodeHeapSize                   = 5836300                                {pd product} {ergonomic}
    uintx NonProfiledCodeHeapSize                  = 122910970                              {pd product} {ergonomic}
    uintx ProfiledCodeHeapSize                     = 122910970                              {pd product} {ergonomic}
    uintx ReservedCodeCacheSize                    = 251658240                              {pd product} {ergonomic}
     bool SegmentedCodeCache                       = true                                      {product} {ergonomic}
     bool UseCompressedClassPointers               = true                                 {lp64_product} {ergonomic}
     bool UseCompressedOops                        = true                                 {lp64_product} {ergonomic}
     bool UseG1GC                                  = true                                      {product} {ergonomic}
     bool UseLargePagesIndividualAllocation        = false                                  {pd product} {ergonomic}

Logging:
Log output configuration:
 #0: stdout all=warning uptime,level,tags
 #1: stderr all=off uptime,level,tags

Environment Variables:
JAVA_HOME=C:\Program Files\Microsoft\jdk-11.0.18.10-hotspot\
CLASSPATH=C:\Users\Aluno\Documents\GitHub\Stein1\Stein\SteinProject\android\\gradle\wrapper\gradle-wrapper.jar
PATH=C:\Users\Aluno\Documents\GitHub\Stein1\Stein\SteinProject\node_modules\.bin;C:\Users\Aluno\Documents\GitHub\Stein1\Stein\SteinProject\node_modules\.bin;C:\Users\Aluno\Documents\GitHub\Stein1\Stein\node_modules\.bin;C:\Users\Aluno\Documents\GitHub\Stein1\node_modules\.bin;C:\Users\Aluno\Documents\GitHub\node_modules\.bin;C:\Users\Aluno\Documents\node_modules\.bin;C:\Users\Aluno\node_modules\.bin;C:\Users\node_modules\.bin;C:\node_modules\.bin;C:\Program Files\nodejs\node_modules\npm\node_modules\@npmcli\run-script\lib\node-gyp-bin;C:\Users\Aluno\Documents\GitHub\Stein1\Stein\SteinProject\node_modules\.bin;C:\Users\Aluno\Documents\GitHub\Stein1\Stein\SteinProject\node_modules\.bin;C:\Users\Aluno\Documents\GitHub\Stein1\Stein\node_modules\.bin;C:\Users\Aluno\Documents\GitHub\Stein1\node_modules\.bin;C:\Users\Aluno\Documents\GitHub\node_modules\.bin;C:\Users\Aluno\Documents\node_modules\.bin;C:\Users\Aluno\node_modules\.bin;C:\Users\node_modules\.bin;C:\node_modules\.bin;C:\Program Files\nodejs\node_modules\npm\node_modules\@npmcli\run-script\lib\node-gyp-bin;C:\Python311\Scripts\;C:\Python311\;C:\Program Files\Microsoft\jdk-11.0.18.10-hotspot\bin;C:\Program Files\Eclipse Adoptium\jdk-17.0.2.8-hotspot\bin;C:\Program Files\Common Files\Oracle\Java\javapath;C:\Program Files (x86)\Common Files\Oracle\Java\javapath;C:\WINDOWS\system32;C:\WINDOWS;C:\WINDOWS\System32\Wbem;C:\WINDOWS\System32\WindowsPowerShell\v1.0\;C:\WINDOWS\System32\OpenSSH\;C:\Program Files\Inkscape\bin;C:\Program Files\Dart\dart-sdk\bin;C:\Program Files\dotnet\;C:\ProgramData\chocolatey\bin;C:\Program Files\Git\cmd;C:\Program Files\nodejs\;C:\Users\Aluno\AppData\Local\Programs\Python\Python310\Scripts\;C:\Users\Aluno\AppData\Local\Programs\Python\Python310\;C:\Users\Aluno\AppData\Local\Microsoft\WindowsApps;C:\Users\Aluno\AppData\Local\GitHubDesktop\bin;C:\Users\Aluno\AppData\Local\Programs\Microsoft VS Code\bin;C:\src\flutter\bin;C:\Users\Aluno\AppData\Roaming\npm;C:\Users\Aluno\AppData\Local\Android\S
USERNAME=User
LANG=en_US.UTF-8
OS=Windows_NT
PROCESSOR_IDENTIFIER=AMD64 Family 23 Model 96 Stepping 1, AuthenticAMD
TMP=C:\Users\Aluno\AppData\Local\Temp
TEMP=C:\Users\Aluno\AppData\Local\Temp



---------------  S Y S T E M  ---------------

OS: Windows 11 , 64 bit Build 22621 (10.0.22621.2428)
OS uptime: 0 days 0:24 hours
Hyper-V role detected

CPU:total 12 (initial active 12) (12 cores per cpu, 2 threads per core) family 23 model 96 stepping 1 microcode 0x0, cmov, cx8, fxsr, mmx, sse, sse2, sse3, ssse3, sse4.1, sse4.2, popcnt, avx, avx2, aes, clmul, mmxext, 3dnowpref, lzcnt, sse4a, ht, tsc, tscinvbit, tscinv, bmi1, bmi2, adx, sha, fma

Memory: 4k page, system-wide physical 15741M (2131M free)
TotalPageFile size 15741M (AvailPageFile size 246M)
current process WorkingSet (physical memory assigned to process): 11M, peak: 11M
current process commit charge ("private bytes"): 64M, peak: 310M

vm_info: OpenJDK 64-Bit Server VM (11.0.18+10-LTS) for windows-amd64 JRE (11.0.18+10-LTS), built on Jan 18 2023 15:56:47 by "MicrosoftCorporation" with MS VC++ 15.9 (VS2017)

END.
